0 info it worked if it ends with ok
1 verbose cli [ '/Users/jboudreau/.nvm/versions/node/v4.3.2/bin/node',
1 verbose cli   '/Users/jboudreau/.nvm/versions/node/v4.3.2/bin/npm',
1 verbose cli   'run',
1 verbose cli   'test' ]
2 info using npm@2.14.12
3 info using node@v4.3.2
4 verbose run-script [ 'pretest', 'test', 'posttest' ]
5 info pretest seneca-promisified@0.1.0
6 info test seneca-promisified@0.1.0
7 verbose unsafe-perm in lifecycle true
8 info seneca-promisified@0.1.0 Failed to exec test script
9 verbose stack Error: seneca-promisified@0.1.0 test: `mocha test.js --require bluebird-register.js`
9 verbose stack Exit status 1
9 verbose stack     at EventEmitter.<anonymous> (/Users/jboudreau/.nvm/versions/node/v4.3.2/lib/node_modules/npm/lib/utils/lifecycle.js:214:16)
9 verbose stack     at emitTwo (events.js:87:13)
9 verbose stack     at EventEmitter.emit (events.js:172:7)
9 verbose stack     at ChildProcess.<anonymous> (/Users/jboudreau/.nvm/versions/node/v4.3.2/lib/node_modules/npm/lib/utils/spawn.js:24:14)
9 verbose stack     at emitTwo (events.js:87:13)
9 verbose stack     at ChildProcess.emit (events.js:172:7)
9 verbose stack     at maybeClose (internal/child_process.js:821:16)
9 verbose stack     at Process.ChildProcess._handle.onexit (internal/child_process.js:211:5)
10 verbose pkgid seneca-promisified@0.1.0
11 verbose cwd /Users/jboudreau/workspaces/seneca-promisified
12 error Darwin 14.4.0
13 error argv "/Users/jboudreau/.nvm/versions/node/v4.3.2/bin/node" "/Users/jboudreau/.nvm/versions/node/v4.3.2/bin/npm" "run" "test"
14 error node v4.3.2
15 error npm  v2.14.12
16 error code ELIFECYCLE
17 error seneca-promisified@0.1.0 test: `mocha test.js --require bluebird-register.js`
17 error Exit status 1
18 error Failed at the seneca-promisified@0.1.0 test script 'mocha test.js --require bluebird-register.js'.
18 error This is most likely a problem with the seneca-promisified package,
18 error not with npm itself.
18 error Tell the author that this fails on your system:
18 error     mocha test.js --require bluebird-register.js
18 error You can get their info via:
18 error     npm owner ls seneca-promisified
18 error There is likely additional logging output above.
19 verbose exit [ 1, true ]
